{ level: 'info',
  message: 'Application is up...',
  timestamp: '2019-12-01T18:28:03.424Z' }
undefined
{ level: 'info',
  message: 'Application is up...',
  timestamp: '2019-12-01T18:28:34.403Z' }
{ level: 'error',
  message:
   'Error connecting to database MongoNetworkError: failed to connect to server [localhost:27017] on first connect [MongoNetworkError: connect ECONNREFUSED ::1:27017]',
  timestamp: '2019-12-01T20:36:11.185Z' }
{ level: 'error',
  message:
   'Error connecting to database MongoNetworkError: failed to connect to server [localhost:27017] on first connect [MongoNetworkError: connect ECONNREFUSED ::1:27017]',
  timestamp: '2019-12-01T20:36:27.952Z' }
{ level: 'error',
  message:
   'Error connecting to database MongoNetworkError: failed to connect to server [localhost:27017] on first connect [MongoNetworkError: connect ECONNREFUSED ::1:27017]',
  timestamp: '2019-12-01T20:37:01.643Z' }
{ level: 'error',
  message:
   'Error connecting to database MongoNetworkError: failed to connect to server [localhost:27017] on first connect [MongoNetworkError: connect ECONNREFUSED ::1:27017]',
  timestamp: '2019-12-01T20:37:17.187Z' }
{ level: 'info',
  message: 'Application is up...',
  timestamp: '2019-12-01T20:38:50.983Z' }
{ level: 'info',
  message: 'Application is up...',
  timestamp: '2019-12-01T20:39:31.894Z' }
{ level: 'info',
  message: 'ACCESS: /api/admin',
  timestamp: '2019-12-01T20:39:37.017Z' }
{ level: 'info',
  message: 'ACCESS: /api/admin/quiz/question',
  timestamp: '2019-12-01T20:42:04.161Z' }
{ level: 'info',
  message: 'Application is up...',
  timestamp: '2019-12-01T20:43:05.407Z' }
{ level: 'info',
  message: 'Application is up...',
  timestamp: '2019-12-01T20:43:14.393Z' }
{ level: 'info',
  message: 'ACCESS: /api/admin/quiz/question',
  timestamp: '2019-12-01T20:43:19.013Z' }
{ level: 'info',
  message: 'Application is up...',
  timestamp: '2019-12-01T20:43:51.117Z' }
{ level: 'info',
  message: 'ACCESS: /api/admin/quiz/question',
  timestamp: '2019-12-01T20:43:55.109Z' }
{ level: 'info',
  message: 'Application is up...',
  timestamp: '2019-12-01T20:44:04.445Z' }
{ level: 'info',
  message: 'Application is up...',
  timestamp: '2019-12-01T20:44:22.878Z' }
{ level: 'info',
  message: 'Application is up...',
  timestamp: '2019-12-01T20:44:29.661Z' }
{ level: 'info',
  message: 'ACCESS: /api/admin',
  timestamp: '2019-12-01T20:44:45.925Z' }
{ level: 'info',
  message: 'ACCESS: /api/admin/quiz/question',
  timestamp: '2019-12-01T20:44:54.774Z' }
{ level: 'info',
  message: 'Application is up...',
  timestamp: '2019-12-01T20:45:08.259Z' }
{ level: 'info',
  message: 'ACCESS: /api/admin/quiz/question',
  timestamp: '2019-12-01T20:45:41.308Z' }
{ level: 'info',
  message: 'Application is up...',
  timestamp: '2019-12-01T20:46:09.861Z' }
{ level: 'info',
  message: 'Application is up...',
  timestamp: '2019-12-01T20:47:26.775Z' }
{ level: 'info',
  message: 'ACCESS: /api/admin/quiz/question',
  timestamp: '2019-12-01T20:47:31.706Z' }
{ level: 'info',
  message: 'Added question 5de426e3b5e4d138a71a8e88',
  timestamp: '2019-12-01T20:47:31.743Z' }
{ level: 'info',
  message: 'ACCESS: /api/admin/quiz/question',
  timestamp: '2019-12-01T20:48:40.975Z' }
{ level: 'info',
  message: 'Added question 5de42728b5e4d138a71a8e89',
  timestamp: '2019-12-01T20:48:40.985Z' }
{ level: 'info',
  message: 'ACCESS: /api/admin/quiz/question',
  timestamp: '2019-12-01T20:48:51.540Z' }
{ level: 'info',
  message: 'Added question 5de42733b5e4d138a71a8e8a',
  timestamp: '2019-12-01T20:48:51.544Z' }
{ level: 'info',
  message: 'ACCESS: /api/admin/quiz/question',
  timestamp: '2019-12-01T20:49:51.691Z' }
{ level: 'info',
  message: 'Added question 5de4276fb5e4d138a71a8e8b',
  timestamp: '2019-12-01T20:49:51.702Z' }
{ level: 'info',
  message: 'Application is up...',
  timestamp: '2019-12-01T20:53:38.464Z' }
{ level: 'info',
  message: 'Application is up...',
  timestamp: '2019-12-01T20:53:42.104Z' }
{ level: 'info',
  message: 'Application is up...',
  timestamp: '2019-12-01T20:53:47.222Z' }
{ level: 'info',
  message: 'Application is up...',
  timestamp: '2019-12-01T20:54:13.815Z' }
{ level: 'info',
  message: 'ACCESS: /api/auth/signup',
  timestamp: '2019-12-01T20:54:19.220Z' }
{ level: 'info',
  message: 'Application is up...',
  timestamp: '2019-12-01T20:55:58.220Z' }
{ level: 'info',
  message: 'Application is up...',
  timestamp: '2019-12-01T20:56:14.043Z' }
{ level: 'info',
  message: 'ACCESS: /api/auth/signup',
  timestamp: '2019-12-01T20:56:19.916Z' }
{ level: 'info',
  message: 'Application is up...',
  timestamp: '2019-12-01T20:57:29.307Z' }
{ level: 'info',
  message: 'Application is up...',
  timestamp: '2019-12-01T20:58:27.671Z' }
{ level: 'info',
  message: 'ACCESS: /api/auth/signup',
  timestamp: '2019-12-01T20:58:32.490Z' }
{ level: 'info',
  message: 'Application is up...',
  timestamp: '2019-12-01T20:58:47.015Z' }
{ level: 'info',
  message: 'ACCESS: /api/auth/signup',
  timestamp: '2019-12-01T20:58:48.773Z' }
{ level: 'info',
  message: 'Application is up...',
  timestamp: '2019-12-01T20:59:23.184Z' }
{ level: 'info',
  message: 'ACCESS: /api/auth/signup',
  timestamp: '2019-12-01T20:59:25.817Z' }
{ level: 'info',
  message: 'ACCESS: /api/auth/signup',
  timestamp: '2019-12-01T20:59:46.349Z' }
{ level: 'info',
  message: 'ACCESS: /api/auth/signup',
  timestamp: '2019-12-01T21:00:20.952Z' }
{ level: 'info',
  message: 'Application is up...',
  timestamp: '2019-12-01T21:01:41.335Z' }
{ level: 'info',
  message: 'Application is up...',
  timestamp: '2019-12-01T21:02:39.848Z' }
{ level: 'info',
  message: 'Application is up...',
  timestamp: '2019-12-01T21:03:28.756Z' }
{ level: 'info',
  message: 'ACCESS: /api/auth/signup',
  timestamp: '2019-12-01T21:03:32.831Z' }
{ level: 'info',
  message: 'Application is up...',
  timestamp: '2019-12-01T21:03:55.547Z' }
{ level: 'info',
  message: 'ACCESS: /api/auth/signup',
  timestamp: '2019-12-01T21:03:59.259Z' }
{ level: 'info',
  message: 'ACCESS: /api/auth/login',
  timestamp: '2019-12-01T21:04:32.685Z' }
{ level: 'info',
  message: 'ACCESS: /api/quiz',
  timestamp: '2019-12-01T21:06:10.272Z' }
{ level: 'info',
  message: 'Application is up...',
  timestamp: '2019-12-01T21:07:35.653Z' }
{ level: 'info',
  message: 'ACCESS: /api/quiz',
  timestamp: '2019-12-01T21:07:39.135Z' }
{ level: 'info',
  message: 'Application is up...',
  timestamp: '2019-12-01T21:08:17.501Z' }
{ level: 'info',
  message: 'ACCESS: /api/quiz',
  timestamp: '2019-12-01T21:08:19.337Z' }
{ level: 'info',
  message: 'Application is up...',
  timestamp: '2019-12-01T21:08:32.079Z' }
{ level: 'info',
  message: 'ACCESS: /api/quiz',
  timestamp: '2019-12-01T21:08:33.758Z' }
{ level: 'info',
  message: 'Application is up...',
  timestamp: '2019-12-01T21:08:55.251Z' }
{ level: 'info',
  message: 'ACCESS: /api/auth/login',
  timestamp: '2019-12-01T21:09:09.646Z' }
{ level: 'info',
  message: 'ACCESS: /api/quiz',
  timestamp: '2019-12-01T21:09:13.660Z' }
{ level: 'info',
  message: 'ACCESS: /api/auth/login',
  timestamp: '2019-12-01T21:09:29.599Z' }
{ level: 'info',
  message: 'Application is up...',
  timestamp: '2019-12-01T21:10:08.017Z' }
{ level: 'info',
  message: 'Application is up...',
  timestamp: '2019-12-01T21:10:13.334Z' }
{ level: 'info',
  message: 'ACCESS: /api/auth/login',
  timestamp: '2019-12-01T21:10:17.636Z' }
{ level: 'info',
  message: 'Application is up...',
  timestamp: '2019-12-01T21:10:37.700Z' }
{ level: 'info',
  message: 'Application is up...',
  timestamp: '2019-12-01T21:11:13.863Z' }
{ level: 'info',
  message: 'ACCESS: /api/auth/login',
  timestamp: '2019-12-01T21:11:34.872Z' }
{ level: 'info',
  message: 'Application is up...',
  timestamp: '2019-12-01T21:12:05.219Z' }
{ level: 'info',
  message: 'Application is up...',
  timestamp: '2019-12-01T21:12:30.887Z' }
{ level: 'info',
  message: 'Application is up...',
  timestamp: '2019-12-01T21:12:39.397Z' }
{ level: 'info',
  message: 'ACCESS: /api/auth/login',
  timestamp: '2019-12-01T21:12:44.780Z' }
{ level: 'info',
  message: 'Application is up...',
  timestamp: '2019-12-01T21:13:12.610Z' }
{ level: 'info',
  message: 'ACCESS: /api/auth/login',
  timestamp: '2019-12-01T21:13:15.147Z' }
{ level: 'info',
  message: 'Application is up...',
  timestamp: '2019-12-01T21:14:10.139Z' }
{ level: 'info',
  message: 'ACCESS: /api/auth/signup',
  timestamp: '2019-12-01T21:14:15.868Z' }
{ level: 'info',
  message: 'ACCESS: /api/auth/login',
  timestamp: '2019-12-01T21:14:21.196Z' }
{ level: 'info',
  message: 'Application is up...',
  timestamp: '2019-12-01T21:15:29.075Z' }
{ level: 'info',
  message: 'Application is up...',
  timestamp: '2019-12-01T21:15:31.751Z' }
{ level: 'info',
  message: 'Application is up...',
  timestamp: '2019-12-01T21:15:33.140Z' }
{ level: 'info',
  message: 'Application is up...',
  timestamp: '2019-12-01T21:15:45.676Z' }
{ level: 'info',
  message: 'ACCESS: /api/auth/login',
  timestamp: '2019-12-01T21:15:57.428Z' }
{ level: 'info',
  message: 'Application is up...',
  timestamp: '2019-12-01T21:16:28.543Z' }
{ level: 'info',
  message: 'ACCESS: /api/auth/login',
  timestamp: '2019-12-01T21:16:30.424Z' }
{ level: 'info',
  message: 'Application is up...',
  timestamp: '2019-12-01T21:16:43.515Z' }
{ level: 'info',
  message: 'Application is up...',
  timestamp: '2019-12-01T21:17:19.551Z' }
{ level: 'info',
  message: 'Application is up...',
  timestamp: '2019-12-01T21:17:27.433Z' }
{ level: 'info',
  message: 'Application is up...',
  timestamp: '2019-12-01T21:17:30.613Z' }
{ level: 'info',
  message: 'ACCESS: /api/auth/login',
  timestamp: '2019-12-01T21:17:34.345Z' }
{ level: 'info',
  message: 'ACCESS: /api/quiz',
  timestamp: '2019-12-01T21:17:45.491Z' }
{ level: 'info',
  message: 'Application is up...',
  timestamp: '2019-12-01T21:18:05.110Z' }
{ level: 'info',
  message: 'Application is up...',
  timestamp: '2019-12-01T21:18:07.104Z' }
